Arguments: 
  C:\Program Files\nodejs\node.exe C:\Program Files (x86)\Yarn\bin\yarn.js add nodemone

PATH: 
  C:\Program Files (x86)\Common Files\Oracle\Java\javapath;C:\Program Files\NVIDIA GPU Computing Toolkit\CUDA\v10.1\bin;C:\Program Files\NVIDIA GPU Computing Toolkit\CUDA\v10.1\libnvvp;C:\WINDOWS\system32;C:\WINDOWS;C:\WINDOWS\System32\Wbem;C:\WINDOWS\System32\WindowsPowerShell\v1.0\;C:\WINDOWS\System32\OpenSSH\;C:\Program Files\Git\cmd;C:\Program Files\NVIDIA Corporation\Nsight Compute 2019.4.0\;C:\Program Files (x86)\NVIDIA Corporation\PhysX\Common;C:\Program Files\nodejs\;C:\Program Files (x86)\Yarn\bin\;C:\WINDOWS\system32;C:\WINDOWS;C:\WINDOWS\System32\Wbem;C:\WINDOWS\System32\WindowsPowerShell\v1.0\;C:\WINDOWS\System32\OpenSSH\;C:\Program Files\CMake\bin;C:\Program Files (x86)\Windows Kits\8.1\Windows Performance Toolkit\;C:\Program Files\Docker\Docker\resources\bin;C:\ProgramData\DockerDesktop\version-bin;C:\Program Files\MongoDB\Server\4.2\bin;C:\Users\folio3\AppData\Local\Programs\Python\Python37\Scripts\;C:\Users\folio3\AppData\Local\Programs\Python\Python37\;C:\Users\folio3\AppData\Local\Microsoft\WindowsApps;C:\Users\folio3\AppData\Local\Programs\Microsoft VS Code\bin;C:\Users\folio3\AppData\Local\GitHubDesktop\bin;C:\Users\folio3\AppData\Roaming\npm;C:\Users\folio3\AppData\Local\Yarn\bin;C:\Users\folio3\AppData\Local\Microsoft\WindowsApps;C:\Program Files\apache-maven-3.6.3\bin;C:\Program Files\JetBrains\IntelliJ IDEA Community Edition 2019.3.1\bin;;C:\Users\folio3\AppData\Local\Android\Sdk\platform-tools;C:\Program Files\heroku\bin

Yarn version: 
  1.19.1

Node version: 
  10.16.3

Platform: 
  win32 x64

Trace: 
  Error: getaddrinfo ENOTFOUND registry.yarnpkg.com registry.yarnpkg.com:443
      at GetAddrInfoReqWrap.onlookup [as oncomplete] (dns.js:56:26)

npm manifest: 
  {
    "name": "job-task-server",
    "version": "1.0.0",
    "description": "",
    "main": "app.js",
    "scripts": {
      "test": "echo \"Error: no test specified\" && exit 1"
    },
    "repository": {
      "type": "git",
      "url": "git+https://github.com/am02464/Job-Task-Server.git"
    },
    "author": "",
    "license": "ISC",
    "bugs": {
      "url": "https://github.com/am02464/Job-Task-Server/issues"
    },
    "homepage": "https://github.com/am02464/Job-Task-Server#readme",
    "dependencies": {
      "express": "^4.17.1",
      "mongoose": "^5.9.18"
    }
  }

yarn manifest: 
  No manifest

Lockfile: 
  No lockfile
